2023-05-22 13:39:27,681{GMT}	WARN	[jepsen test runner] jepsen.core: Test crashed!
java.io.IOException: Cannot run program "git": error=2, No such file or directory
	at java.base/java.lang.ProcessBuilder.start(ProcessBuilder.java:1128)
	at java.base/java.lang.ProcessBuilder.start(ProcessBuilder.java:1071)
	at java.base/java.lang.Runtime.exec(Runtime.java:592)
	at clojure.java.shell$sh.invokeStatic(shell.clj:113)
	at clojure.java.shell$sh.doInvoke(shell.clj:79)
	at clojure.lang.RestFn.invoke(RestFn.java:436)
	at jepsen.core$log_test_start_BANG_.invokeStatic(core.clj:249)
	at jepsen.core$log_test_start_BANG_.invoke(core.clj:245)
	at jepsen.core$run_BANG_.invokeStatic(core.clj:387)
	at jepsen.core$run_BANG_.invoke(core.clj:318)
	at jepsen.cli$single_test_cmd$fn__13951.invoke(cli.clj:396)
	at jepsen.cli$run_BANG_.invokeStatic(cli.clj:329)
	at jepsen.cli$run_BANG_.invoke(cli.clj:258)
	at maelstrom.core$_main.invokeStatic(core.clj:269)
	at maelstrom.core$_main.doInvoke(core.clj:267)
	at clojure.lang.RestFn.applyTo(RestFn.java:137)
	at maelstrom.core.main(Unknown Source)
Caused by: java.io.IOException: error=2, No such file or directory
	at java.base/java.lang.ProcessImpl.forkAndExec(Native Method)
	at java.base/java.lang.ProcessImpl.<init>(ProcessImpl.java:340)
	at java.base/java.lang.ProcessImpl.start(ProcessImpl.java:271)
	at java.base/java.lang.ProcessBuilder.start(ProcessBuilder.java:1107)
	... 16 common frames omitted
